{"C:\\Users\\Fiifi\\Desktop\\BiigggStore\\apps\\XBack\\src\\api\\auth\\auth.service.ts": {"path":"C:\\Users\\Fiifi\\Desktop\\BiigggStore\\apps\\XBack\\src\\api\\auth\\auth.service.ts","statementMap":{"0":{"start":{"line":1,"column":0},"end":{"line":1,"column":69}},"1":{"start":{"line":2,"column":0},"end":{"line":2,"column":108}},"2":{"start":{"line":3,"column":0},"end":{"line":3,"column":57}},"3":{"start":{"line":4,"column":0},"end":{"line":4,"column":42}},"4":{"start":{"line":5,"column":0},"end":{"line":5,"column":32}},"5":{"start":{"line":7,"column":28},"end":{"line":40,"column":2}},"6":{"start":{"line":7,"column":70},"end":{"line":40,"column":2}},"7":{"start":{"line":50,"column":21},"end":{"line":52,"column":6}},"8":{"start":{"line":54,"column":4},"end":{"line":56,"column":5}},"9":{"start":{"line":55,"column":6},"end":{"line":55,"column":53}},"10":{"start":{"line":58,"column":27},"end":{"line":58,"column":60}},"11":{"start":{"line":60,"column":17},"end":{"line":77,"column":6}},"12":{"start":{"line":79,"column":4},"end":{"line":81,"column":7}},"13":{"start":{"line":83,"column":18},"end":{"line":83,"column":40}},"14":{"start":{"line":84,"column":25},"end":{"line":84,"column":54}},"15":{"start":{"line":86,"column":4},"end":{"line":97,"column":6}},"16":{"start":{"line":101,"column":17},"end":{"line":103,"column":6}},"17":{"start":{"line":105,"column":4},"end":{"line":107,"column":5}},"18":{"start":{"line":106,"column":6},"end":{"line":106,"column":53}},"19":{"start":{"line":109,"column":18},"end":{"line":109,"column":64}},"20":{"start":{"line":110,"column":4},"end":{"line":112,"column":5}},"21":{"start":{"line":111,"column":6},"end":{"line":111,"column":53}},"22":{"start":{"line":114,"column":18},"end":{"line":114,"column":40}},"23":{"start":{"line":115,"column":25},"end":{"line":115,"column":54}},"24":{"start":{"line":117,"column":4},"end":{"line":128,"column":6}},"25":{"start":{"line":132,"column":17},"end":{"line":144,"column":6}},"26":{"start":{"line":146,"column":4},"end":{"line":148,"column":5}},"27":{"start":{"line":147,"column":6},"end":{"line":147,"column":48}},"28":{"start":{"line":150,"column":4},"end":{"line":150,"column":16}},"29":{"start":{"line":154,"column":17},"end":{"line":156,"column":6}},"30":{"start":{"line":158,"column":4},"end":{"line":160,"column":5}},"31":{"start":{"line":159,"column":6},"end":{"line":159,"column":48}},"32":{"start":{"line":162,"column":4},"end":{"line":165,"column":6}},"33":{"start":{"line":169,"column":17},"end":{"line":171,"column":6}},"34":{"start":{"line":173,"column":4},"end":{"line":177,"column":5}},"35":{"start":{"line":174,"column":6},"end":{"line":176,"column":8}},"36":{"start":{"line":179,"column":23},"end":{"line":179,"column":50}},"37":{"start":{"line":182,"column":25},"end":{"line":182,"column":77}},"38":{"start":{"line":183,"column":21},"end":{"line":183,"column":92}},"39":{"start":{"line":185,"column":17},"end":{"line":185,"column":39}},"40":{"start":{"line":186,"column":20},"end":{"line":186,"column":48}},"41":{"start":{"line":187,"column":17},"end":{"line":187,"column":75}},"42":{"start":{"line":189,"column":4},"end":{"line":201,"column":5}},"43":{"start":{"line":190,"column":6},"end":{"line":190,"column":88}},"44":{"start":{"line":191,"column":11},"end":{"line":201,"column":5}},"45":{"start":{"line":192,"column":6},"end":{"line":192,"column":84}},"46":{"start":{"line":194,"column":6},"end":{"line":200,"column":7}},"47":{"start":{"line":195,"column":23},"end":{"line":195,"column":61}},"48":{"start":{"line":196,"column":8},"end":{"line":196,"column":74}},"49":{"start":{"line":197,"column":8},"end":{"line":197,"column":65}},"50":{"start":{"line":199,"column":8},"end":{"line":199,"column":72}},"51":{"start":{"line":204,"column":4},"end":{"line":209,"column":5}},"52":{"start":{"line":205,"column":6},"end":{"line":208,"column":8}},"53":{"start":{"line":211,"column":4},"end":{"line":213,"column":6}},"54":{"start":{"line":217,"column":20},"end":{"line":217,"column":43}},"55":{"start":{"line":219,"column":17},"end":{"line":221,"column":6}},"56":{"start":{"line":223,"column":4},"end":{"line":225,"column":5}},"57":{"start":{"line":224,"column":6},"end":{"line":224,"column":64}},"58":{"start":{"line":227,"column":27},"end":{"line":227,"column":55}},"59":{"start":{"line":228,"column":4},"end":{"line":231,"column":7}},"60":{"start":{"line":233,"column":4},"end":{"line":235,"column":6}},"61":{"start":{"line":42,"column":0},"end":{"line":42,"column":13}}},"fnMap":{"0":{"name":"(anonymous_0)","decl":{"start":{"line":7,"column":28},"end":{"line":7,"column":29}},"loc":{"start":{"line":7,"column":70},"end":{"line":40,"column":2}}},"1":{"name":"(anonymous_1)","decl":{"start":{"line":43,"column":2},"end":{"line":43,"column":7}},"loc":{"start":{"line":49,"column":3},"end":{"line":98,"column":3}}},"2":{"name":"(anonymous_2)","decl":{"start":{"line":100,"column":2},"end":{"line":100,"column":7}},"loc":{"start":{"line":100,"column":45},"end":{"line":129,"column":3}}},"3":{"name":"(anonymous_3)","decl":{"start":{"line":131,"column":2},"end":{"line":131,"column":7}},"loc":{"start":{"line":131,"column":30},"end":{"line":151,"column":3}}},"4":{"name":"(anonymous_4)","decl":{"start":{"line":153,"column":2},"end":{"line":153,"column":7}},"loc":{"start":{"line":153,"column":35},"end":{"line":166,"column":3}}},"5":{"name":"(anonymous_5)","decl":{"start":{"line":168,"column":2},"end":{"line":168,"column":7}},"loc":{"start":{"line":168,"column":36},"end":{"line":214,"column":3}}},"6":{"name":"(anonymous_6)","decl":{"start":{"line":216,"column":2},"end":{"line":216,"column":7}},"loc":{"start":{"line":216,"column":53},"end":{"line":236,"column":3}}}},"branchMap":{"0":{"loc":{"start":{"line":21,"column":84},"end":{"line":21,"column":104}},"type":"binary-expr","locations":[{"start":{"line":21,"column":84},"end":{"line":21,"column":93}},{"start":{"line":21,"column":97},"end":{"line":21,"column":104}}]},"1":{"loc":{"start":{"line":54,"column":4},"end":{"line":56,"column":5}},"type":"if","locations":[{"start":{"line":54,"column":4},"end":{"line":56,"column":5}},{"start":{},"end":{}}]},"2":{"loc":{"start":{"line":105,"column":4},"end":{"line":107,"column":5}},"type":"if","locations":[{"start":{"line":105,"column":4},"end":{"line":107,"column":5}},{"start":{},"end":{}}]},"3":{"loc":{"start":{"line":110,"column":4},"end":{"line":112,"column":5}},"type":"if","locations":[{"start":{"line":110,"column":4},"end":{"line":112,"column":5}},{"start":{},"end":{}}]},"4":{"loc":{"start":{"line":146,"column":4},"end":{"line":148,"column":5}},"type":"if","locations":[{"start":{"line":146,"column":4},"end":{"line":148,"column":5}},{"start":{},"end":{}}]},"5":{"loc":{"start":{"line":158,"column":4},"end":{"line":160,"column":5}},"type":"if","locations":[{"start":{"line":158,"column":4},"end":{"line":160,"column":5}},{"start":{},"end":{}}]},"6":{"loc":{"start":{"line":173,"column":4},"end":{"line":177,"column":5}},"type":"if","locations":[{"start":{"line":173,"column":4},"end":{"line":177,"column":5}},{"start":{},"end":{}}]},"7":{"loc":{"start":{"line":182,"column":25},"end":{"line":182,"column":77}},"type":"binary-expr","locations":[{"start":{"line":182,"column":25},"end":{"line":182,"column":49}},{"start":{"line":182,"column":53},"end":{"line":182,"column":77}}]},"8":{"loc":{"start":{"line":187,"column":47},"end":{"line":187,"column":74}},"type":"binary-expr","locations":[{"start":{"line":187,"column":47},"end":{"line":187,"column":61}},{"start":{"line":187,"column":65},"end":{"line":187,"column":74}}]},"9":{"loc":{"start":{"line":189,"column":4},"end":{"line":201,"column":5}},"type":"if","locations":[{"start":{"line":189,"column":4},"end":{"line":201,"column":5}},{"start":{"line":191,"column":11},"end":{"line":201,"column":5}}]},"10":{"loc":{"start":{"line":191,"column":11},"end":{"line":201,"column":5}},"type":"if","locations":[{"start":{"line":191,"column":11},"end":{"line":201,"column":5}},{"start":{"line":193,"column":11},"end":{"line":201,"column":5}}]},"11":{"loc":{"start":{"line":204,"column":4},"end":{"line":209,"column":5}},"type":"if","locations":[{"start":{"line":204,"column":4},"end":{"line":209,"column":5}},{"start":{},"end":{}}]},"12":{"loc":{"start":{"line":223,"column":4},"end":{"line":225,"column":5}},"type":"if","locations":[{"start":{"line":223,"column":4},"end":{"line":225,"column":5}},{"start":{},"end":{}}]}},"s":{"0":1,"1":1,"2":1,"3":1,"4":1,"5":1,"6":1,"7":0,"8":0,"9":0,"10":0,"11":0,"12":0,"13":0,"14":0,"15":0,"16":0,"17":0,"18":0,"19":0,"20":0,"21":0,"22":0,"23":0,"24":0,"25":0,"26":0,"27":0,"28":0,"29":0,"30":0,"31":0,"32":0,"33":2,"34":2,"35":1,"36":1,"37":1,"38":1,"39":1,"40":1,"41":1,"42":1,"43":1,"44":0,"45":0,"46":0,"47":0,"48":0,"49":0,"50":0,"51":1,"52":1,"53":0,"54":0,"55":0,"56":0,"57":0,"58":0,"59":0,"60":0,"61":1},"f":{"0":1,"1":0,"2":0,"3":0,"4":0,"5":2,"6":0},"b":{"0":[1,0],"1":[0,0],"2":[0,0],"3":[0,0],"4":[0,0],"5":[0,0],"6":[1,1],"7":[1,1],"8":[1,0],"9":[1,0],"10":[0,0],"11":[1,0],"12":[0,0]}}
,"C:\\Users\\Fiifi\\Desktop\\BiigggStore\\apps\\XBack\\src\\api\\payments\\payment.service.ts": {"path":"C:\\Users\\Fiifi\\Desktop\\BiigggStore\\apps\\XBack\\src\\api\\payments\\payment.service.ts","statementMap":{"0":{"start":{"line":1,"column":0},"end":{"line":1,"column":57}},"1":{"start":{"line":5,"column":4},"end":{"line":7,"column":5}},"2":{"start":{"line":6,"column":6},"end":{"line":6,"column":57}},"3":{"start":{"line":9,"column":4},"end":{"line":11,"column":5}},"4":{"start":{"line":10,"column":6},"end":{"line":10,"column":56}},"5":{"start":{"line":13,"column":4},"end":{"line":15,"column":5}},"6":{"start":{"line":14,"column":6},"end":{"line":14,"column":51}},"7":{"start":{"line":17,"column":22},"end":{"line":17,"column":53}},"8":{"start":{"line":18,"column":31},"end":{"line":18,"column":64}},"9":{"start":{"line":20,"column":4},"end":{"line":22,"column":5}},"10":{"start":{"line":21,"column":6},"end":{"line":21,"column":71}},"11":{"start":{"line":24,"column":21},"end":{"line":35,"column":6}},"12":{"start":{"line":37,"column":20},"end":{"line":37,"column":48}},"13":{"start":{"line":39,"column":4},"end":{"line":41,"column":5}},"14":{"start":{"line":40,"column":6},"end":{"line":40,"column":83}},"15":{"start":{"line":43,"column":4},"end":{"line":52,"column":6}},"16":{"start":{"line":56,"column":4},"end":{"line":58,"column":5}},"17":{"start":{"line":57,"column":6},"end":{"line":57,"column":57}},"18":{"start":{"line":60,"column":4},"end":{"line":62,"column":5}},"19":{"start":{"line":61,"column":6},"end":{"line":61,"column":55}},"20":{"start":{"line":64,"column":22},"end":{"line":64,"column":53}},"21":{"start":{"line":65,"column":4},"end":{"line":67,"column":5}},"22":{"start":{"line":66,"column":6},"end":{"line":66,"column":71}},"23":{"start":{"line":69,"column":21},"end":{"line":74,"column":6}},"24":{"start":{"line":76,"column":20},"end":{"line":76,"column":48}},"25":{"start":{"line":78,"column":4},"end":{"line":80,"column":5}},"26":{"start":{"line":79,"column":6},"end":{"line":79,"column":81}},"27":{"start":{"line":82,"column":4},"end":{"line":88,"column":6}},"28":{"start":{"line":3,"column":0},"end":{"line":3,"column":13}}},"fnMap":{"0":{"name":"(anonymous_0)","decl":{"start":{"line":4,"column":2},"end":{"line":4,"column":7}},"loc":{"start":{"line":4,"column":80},"end":{"line":53,"column":3}}},"1":{"name":"(anonymous_1)","decl":{"start":{"line":55,"column":2},"end":{"line":55,"column":7}},"loc":{"start":{"line":55,"column":48},"end":{"line":89,"column":3}}}},"branchMap":{"0":{"loc":{"start":{"line":5,"column":4},"end":{"line":7,"column":5}},"type":"if","locations":[{"start":{"line":5,"column":4},"end":{"line":7,"column":5}},{"start":{},"end":{}}]},"1":{"loc":{"start":{"line":9,"column":4},"end":{"line":11,"column":5}},"type":"if","locations":[{"start":{"line":9,"column":4},"end":{"line":11,"column":5}},{"start":{},"end":{}}]},"2":{"loc":{"start":{"line":9,"column":8},"end":{"line":9,"column":30}},"type":"binary-expr","locations":[{"start":{"line":9,"column":8},"end":{"line":9,"column":15}},{"start":{"line":9,"column":19},"end":{"line":9,"column":30}}]},"3":{"loc":{"start":{"line":13,"column":4},"end":{"line":15,"column":5}},"type":"if","locations":[{"start":{"line":13,"column":4},"end":{"line":15,"column":5}},{"start":{},"end":{}}]},"4":{"loc":{"start":{"line":18,"column":32},"end":{"line":18,"column":49}},"type":"binary-expr","locations":[{"start":{"line":18,"column":32},"end":{"line":18,"column":40}},{"start":{"line":18,"column":44},"end":{"line":18,"column":49}}]},"5":{"loc":{"start":{"line":20,"column":4},"end":{"line":22,"column":5}},"type":"if","locations":[{"start":{"line":20,"column":4},"end":{"line":22,"column":5}},{"start":{},"end":{}}]},"6":{"loc":{"start":{"line":39,"column":4},"end":{"line":41,"column":5}},"type":"if","locations":[{"start":{"line":39,"column":4},"end":{"line":41,"column":5}},{"start":{},"end":{}}]},"7":{"loc":{"start":{"line":39,"column":8},"end":{"line":39,"column":40}},"type":"binary-expr","locations":[{"start":{"line":39,"column":8},"end":{"line":39,"column":20}},{"start":{"line":39,"column":24},"end":{"line":39,"column":40}}]},"8":{"loc":{"start":{"line":40,"column":25},"end":{"line":40,"column":76}},"type":"binary-expr","locations":[{"start":{"line":40,"column":25},"end":{"line":40,"column":41}},{"start":{"line":40,"column":45},"end":{"line":40,"column":76}}]},"9":{"loc":{"start":{"line":56,"column":4},"end":{"line":58,"column":5}},"type":"if","locations":[{"start":{"line":56,"column":4},"end":{"line":58,"column":5}},{"start":{},"end":{}}]},"10":{"loc":{"start":{"line":60,"column":4},"end":{"line":62,"column":5}},"type":"if","locations":[{"start":{"line":60,"column":4},"end":{"line":62,"column":5}},{"start":{},"end":{}}]},"11":{"loc":{"start":{"line":65,"column":4},"end":{"line":67,"column":5}},"type":"if","locations":[{"start":{"line":65,"column":4},"end":{"line":67,"column":5}},{"start":{},"end":{}}]},"12":{"loc":{"start":{"line":78,"column":4},"end":{"line":80,"column":5}},"type":"if","locations":[{"start":{"line":78,"column":4},"end":{"line":80,"column":5}},{"start":{},"end":{}}]},"13":{"loc":{"start":{"line":78,"column":8},"end":{"line":78,"column":40}},"type":"binary-expr","locations":[{"start":{"line":78,"column":8},"end":{"line":78,"column":20}},{"start":{"line":78,"column":24},"end":{"line":78,"column":40}}]},"14":{"loc":{"start":{"line":79,"column":25},"end":{"line":79,"column":74}},"type":"binary-expr","locations":[{"start":{"line":79,"column":25},"end":{"line":79,"column":41}},{"start":{"line":79,"column":45},"end":{"line":79,"column":74}}]},"15":{"loc":{"start":{"line":86,"column":14},"end":{"line":86,"column":82}},"type":"cond-expr","locations":[{"start":{"line":86,"column":50},"end":{"line":86,"column":60}},{"start":{"line":86,"column":63},"end":{"line":86,"column":82}}]}},"s":{"0":1,"1":1,"2":0,"3":1,"4":0,"5":1,"6":0,"7":1,"8":1,"9":1,"10":0,"11":1,"12":1,"13":1,"14":0,"15":1,"16":0,"17":0,"18":0,"19":0,"20":0,"21":0,"22":0,"23":0,"24":0,"25":0,"26":0,"27":0,"28":1},"f":{"0":1,"1":0},"b":{"0":[0,1],"1":[0,1],"2":[1,1],"3":[0,1],"4":[1,0],"5":[0,1],"6":[0,1],"7":[1,1],"8":[0,0],"9":[0,0],"10":[0,0],"11":[0,0],"12":[0,0],"13":[0,0],"14":[0,0],"15":[0,0]}}
,"C:\\Users\\Fiifi\\Desktop\\BiigggStore\\apps\\XBack\\src\\middleware\\errorHandler.ts": {"path":"C:\\Users\\Fiifi\\Desktop\\BiigggStore\\apps\\XBack\\src\\middleware\\errorHandler.ts","statementMap":{"0":{"start":{"line":6,"column":4},"end":{"line":6,"column":19}},"1":{"start":{"line":7,"column":4},"end":{"line":7,"column":33}},"2":{"start":{"line":8,"column":4},"end":{"line":8,"column":52}},"3":{"start":{"line":3,"column":0},"end":{"line":3,"column":13}},"4":{"start":{"line":12,"column":28},"end":{"line":34,"column":1}},"5":{"start":{"line":18,"column":2},"end":{"line":18,"column":31}},"6":{"start":{"line":20,"column":2},"end":{"line":26,"column":3}},"7":{"start":{"line":21,"column":4},"end":{"line":24,"column":7}},"8":{"start":{"line":25,"column":4},"end":{"line":25,"column":11}},"9":{"start":{"line":28,"column":2},"end":{"line":33,"column":5}},"10":{"start":{"line":12,"column":13},"end":{"line":12,"column":28}}},"fnMap":{"0":{"name":"(anonymous_0)","decl":{"start":{"line":5,"column":2},"end":{"line":5,"column":14}},"loc":{"start":{"line":5,"column":55},"end":{"line":9,"column":3}}},"1":{"name":"(anonymous_1)","decl":{"start":{"line":12,"column":28},"end":{"line":12,"column":null}},"loc":{"start":{"line":17,"column":10},"end":{"line":34,"column":1}}}},"branchMap":{"0":{"loc":{"start":{"line":5,"column":31},"end":{"line":5,"column":55}},"type":"default-arg","locations":[{"start":{"line":5,"column":52},"end":{"line":5,"column":55}}]},"1":{"loc":{"start":{"line":20,"column":2},"end":{"line":26,"column":3}},"type":"if","locations":[{"start":{"line":20,"column":2},"end":{"line":26,"column":3}},{"start":{},"end":{}}]},"2":{"loc":{"start":{"line":30,"column":13},"end":{"line":32,"column":19}},"type":"cond-expr","locations":[{"start":{"line":31,"column":8},"end":{"line":31,"column":31}},{"start":{"line":32,"column":8},"end":{"line":32,"column":19}}]}},"s":{"0":0,"1":0,"2":0,"3":2,"4":2,"5":0,"6":0,"7":0,"8":0,"9":0,"10":2},"f":{"0":0,"1":0},"b":{"0":[0],"1":[0,0],"2":[0,0]}}
,"C:\\Users\\Fiifi\\Desktop\\BiigggStore\\apps\\XBack\\src\\utils\\jwt.ts": {"path":"C:\\Users\\Fiifi\\Desktop\\BiigggStore\\apps\\XBack\\src\\utils\\jwt.ts","statementMap":{"0":{"start":{"line":1,"column":0},"end":{"line":1,"column":31}},"1":{"start":{"line":3,"column":19},"end":{"line":3,"column":62}},"2":{"start":{"line":4,"column":23},"end":{"line":4,"column":57}},"3":{"start":{"line":5,"column":31},"end":{"line":5,"column":74}},"4":{"start":{"line":6,"column":29},"end":{"line":6,"column":69}},"5":{"start":{"line":8,"column":29},"end":{"line":10,"column":1}},"6":{"start":{"line":9,"column":2},"end":{"line":9,"column":80}},"7":{"start":{"line":8,"column":13},"end":{"line":8,"column":29}},"8":{"start":{"line":12,"column":36},"end":{"line":14,"column":1}},"9":{"start":{"line":13,"column":2},"end":{"line":13,"column":108}},"10":{"start":{"line":12,"column":13},"end":{"line":12,"column":36}},"11":{"start":{"line":16,"column":34},"end":{"line":18,"column":1}},"12":{"start":{"line":17,"column":2},"end":{"line":17,"column":113}},"13":{"start":{"line":16,"column":13},"end":{"line":16,"column":34}},"14":{"start":{"line":20,"column":27},"end":{"line":22,"column":1}},"15":{"start":{"line":21,"column":2},"end":{"line":21,"column":61}},"16":{"start":{"line":20,"column":13},"end":{"line":20,"column":27}},"17":{"start":{"line":24,"column":32},"end":{"line":31,"column":1}},"18":{"start":{"line":25,"column":18},"end":{"line":25,"column":87}},"19":{"start":{"line":26,"column":2},"end":{"line":28,"column":3}},"20":{"start":{"line":27,"column":4},"end":{"line":27,"column":51}},"21":{"start":{"line":30,"column":2},"end":{"line":30,"column":36}},"22":{"start":{"line":24,"column":13},"end":{"line":24,"column":32}}},"fnMap":{"0":{"name":"(anonymous_1)","decl":{"start":{"line":8,"column":29},"end":{"line":8,"column":30}},"loc":{"start":{"line":8,"column":56},"end":{"line":10,"column":1}}},"1":{"name":"(anonymous_2)","decl":{"start":{"line":12,"column":36},"end":{"line":12,"column":37}},"loc":{"start":{"line":12,"column":63},"end":{"line":14,"column":1}}},"2":{"name":"(anonymous_3)","decl":{"start":{"line":16,"column":34},"end":{"line":16,"column":35}},"loc":{"start":{"line":16,"column":61},"end":{"line":18,"column":1}}},"3":{"name":"(anonymous_4)","decl":{"start":{"line":20,"column":27},"end":{"line":20,"column":28}},"loc":{"start":{"line":20,"column":65},"end":{"line":22,"column":1}}},"4":{"name":"(anonymous_5)","decl":{"start":{"line":24,"column":32},"end":{"line":24,"column":33}},"loc":{"start":{"line":24,"column":70},"end":{"line":31,"column":1}}}},"branchMap":{"0":{"loc":{"start":{"line":3,"column":19},"end":{"line":3,"column":62}},"type":"binary-expr","locations":[{"start":{"line":3,"column":19},"end":{"line":3,"column":41}},{"start":{"line":3,"column":45},"end":{"line":3,"column":62}}]},"1":{"loc":{"start":{"line":4,"column":23},"end":{"line":4,"column":57}},"type":"binary-expr","locations":[{"start":{"line":4,"column":23},"end":{"line":4,"column":49}},{"start":{"line":4,"column":53},"end":{"line":4,"column":57}}]},"2":{"loc":{"start":{"line":5,"column":31},"end":{"line":5,"column":74}},"type":"binary-expr","locations":[{"start":{"line":5,"column":31},"end":{"line":5,"column":65}},{"start":{"line":5,"column":69},"end":{"line":5,"column":74}}]},"3":{"loc":{"start":{"line":6,"column":29},"end":{"line":6,"column":69}},"type":"binary-expr","locations":[{"start":{"line":6,"column":29},"end":{"line":6,"column":61}},{"start":{"line":6,"column":65},"end":{"line":6,"column":69}}]},"4":{"loc":{"start":{"line":26,"column":2},"end":{"line":28,"column":3}},"type":"if","locations":[{"start":{"line":26,"column":2},"end":{"line":28,"column":3}},{"start":{},"end":{}}]}},"s":{"0":1,"1":1,"2":1,"3":1,"4":1,"5":1,"6":0,"7":1,"8":1,"9":0,"10":1,"11":1,"12":1,"13":1,"14":1,"15":0,"16":1,"17":1,"18":0,"19":0,"20":0,"21":0,"22":1},"f":{"0":0,"1":0,"2":1,"3":0,"4":0},"b":{"0":[1,1],"1":[1,1],"2":[1,1],"3":[1,1],"4":[0,0]}}
,"C:\\Users\\Fiifi\\Desktop\\BiigggStore\\apps\\XBack\\src\\utils\\password.ts": {"path":"C:\\Users\\Fiifi\\Desktop\\BiigggStore\\apps\\XBack\\src\\utils\\password.ts","statementMap":{"0":{"start":{"line":1,"column":0},"end":{"line":1,"column":30}},"1":{"start":{"line":3,"column":20},"end":{"line":3,"column":22}},"2":{"start":{"line":5,"column":28},"end":{"line":7,"column":1}},"3":{"start":{"line":6,"column":2},"end":{"line":6,"column":44}},"4":{"start":{"line":5,"column":13},"end":{"line":5,"column":28}},"5":{"start":{"line":9,"column":31},"end":{"line":14,"column":1}},"6":{"start":{"line":13,"column":2},"end":{"line":13,"column":50}},"7":{"start":{"line":9,"column":13},"end":{"line":9,"column":31}}},"fnMap":{"0":{"name":"(anonymous_1)","decl":{"start":{"line":5,"column":28},"end":{"line":5,"column":33}},"loc":{"start":{"line":5,"column":72},"end":{"line":7,"column":1}}},"1":{"name":"(anonymous_2)","decl":{"start":{"line":9,"column":31},"end":{"line":9,"column":36}},"loc":{"start":{"line":12,"column":22},"end":{"line":14,"column":1}}}},"branchMap":{},"s":{"0":1,"1":1,"2":1,"3":0,"4":1,"5":1,"6":0,"7":1},"f":{"0":0,"1":0},"b":{}}
}
