{"C:\\Users\\Fiifi\\Desktop\\BiigggStore\\apps\\XBack\\src\\api\\auth\\auth.service.ts": {"path":"C:\\Users\\Fiifi\\Desktop\\BiigggStore\\apps\\XBack\\src\\api\\auth\\auth.service.ts","statementMap":{"0":{"start":{"line":1,"column":0},"end":{"line":1,"column":69}},"1":{"start":{"line":2,"column":0},"end":{"line":2,"column":108}},"2":{"start":{"line":3,"column":0},"end":{"line":3,"column":57}},"3":{"start":{"line":4,"column":0},"end":{"line":4,"column":42}},"4":{"start":{"line":5,"column":0},"end":{"line":5,"column":36}},"5":{"start":{"line":6,"column":0},"end":{"line":6,"column":32}},"6":{"start":{"line":8,"column":23},"end":{"line":22,"column":1}},"7":{"start":{"line":9,"column":15},"end":{"line":9,"column":36}},"8":{"start":{"line":10,"column":15},"end":{"line":10,"column":86}},"9":{"start":{"line":11,"column":15},"end":{"line":11,"column":36}},"10":{"start":{"line":12,"column":15},"end":{"line":12,"column":36}},"11":{"start":{"line":14,"column":2},"end":{"line":14,"column":52}},"12":{"start":{"line":14,"column":40},"end":{"line":14,"column":52}},"13":{"start":{"line":16,"column":2},"end":{"line":21,"column":5}},"14":{"start":{"line":32,"column":21},"end":{"line":34,"column":6}},"15":{"start":{"line":36,"column":4},"end":{"line":38,"column":5}},"16":{"start":{"line":37,"column":6},"end":{"line":37,"column":53}},"17":{"start":{"line":40,"column":27},"end":{"line":40,"column":60}},"18":{"start":{"line":42,"column":17},"end":{"line":59,"column":6}},"19":{"start":{"line":61,"column":4},"end":{"line":63,"column":7}},"20":{"start":{"line":65,"column":18},"end":{"line":65,"column":40}},"21":{"start":{"line":66,"column":25},"end":{"line":66,"column":54}},"22":{"start":{"line":68,"column":4},"end":{"line":79,"column":6}},"23":{"start":{"line":83,"column":17},"end":{"line":85,"column":6}},"24":{"start":{"line":87,"column":4},"end":{"line":89,"column":5}},"25":{"start":{"line":88,"column":6},"end":{"line":88,"column":53}},"26":{"start":{"line":91,"column":18},"end":{"line":91,"column":64}},"27":{"start":{"line":92,"column":4},"end":{"line":94,"column":5}},"28":{"start":{"line":93,"column":6},"end":{"line":93,"column":53}},"29":{"start":{"line":96,"column":18},"end":{"line":96,"column":40}},"30":{"start":{"line":97,"column":25},"end":{"line":97,"column":54}},"31":{"start":{"line":99,"column":4},"end":{"line":110,"column":6}},"32":{"start":{"line":114,"column":17},"end":{"line":126,"column":6}},"33":{"start":{"line":128,"column":4},"end":{"line":130,"column":5}},"34":{"start":{"line":129,"column":6},"end":{"line":129,"column":48}},"35":{"start":{"line":132,"column":4},"end":{"line":132,"column":16}},"36":{"start":{"line":136,"column":17},"end":{"line":138,"column":6}},"37":{"start":{"line":140,"column":4},"end":{"line":142,"column":5}},"38":{"start":{"line":141,"column":6},"end":{"line":141,"column":48}},"39":{"start":{"line":144,"column":4},"end":{"line":147,"column":6}},"40":{"start":{"line":151,"column":17},"end":{"line":153,"column":6}},"41":{"start":{"line":155,"column":4},"end":{"line":159,"column":5}},"42":{"start":{"line":156,"column":6},"end":{"line":158,"column":8}},"43":{"start":{"line":161,"column":23},"end":{"line":161,"column":50}},"44":{"start":{"line":164,"column":25},"end":{"line":164,"column":77}},"45":{"start":{"line":165,"column":21},"end":{"line":165,"column":92}},"46":{"start":{"line":168,"column":4},"end":{"line":220,"column":5}},"47":{"start":{"line":169,"column":19},"end":{"line":169,"column":97}},"48":{"start":{"line":171,"column":6},"end":{"line":217,"column":7}},"49":{"start":{"line":172,"column":8},"end":{"line":198,"column":9}},"50":{"start":{"line":173,"column":25},"end":{"line":173,"column":63}},"51":{"start":{"line":174,"column":10},"end":{"line":184,"column":13}},"52":{"start":{"line":186,"column":10},"end":{"line":186,"column":87}},"53":{"start":{"line":187,"column":30},"end":{"line":187,"column":46}},"54":{"start":{"line":188,"column":10},"end":{"line":197,"column":11}},"55":{"start":{"line":189,"column":12},"end":{"line":194,"column":17}},"56":{"start":{"line":196,"column":12},"end":{"line":196,"column":80}},"57":{"start":{"line":200,"column":28},"end":{"line":200,"column":44}},"58":{"start":{"line":201,"column":8},"end":{"line":216,"column":9}},"59":{"start":{"line":202,"column":10},"end":{"line":212,"column":13}},"60":{"start":{"line":215,"column":10},"end":{"line":215,"column":87}},"61":{"start":{"line":219,"column":6},"end":{"line":219,"column":70}},"62":{"start":{"line":223,"column":4},"end":{"line":228,"column":5}},"63":{"start":{"line":224,"column":6},"end":{"line":227,"column":8}},"64":{"start":{"line":230,"column":4},"end":{"line":232,"column":6}},"65":{"start":{"line":236,"column":20},"end":{"line":236,"column":43}},"66":{"start":{"line":238,"column":17},"end":{"line":240,"column":6}},"67":{"start":{"line":242,"column":4},"end":{"line":244,"column":5}},"68":{"start":{"line":243,"column":6},"end":{"line":243,"column":64}},"69":{"start":{"line":246,"column":27},"end":{"line":246,"column":55}},"70":{"start":{"line":247,"column":4},"end":{"line":250,"column":7}},"71":{"start":{"line":252,"column":4},"end":{"line":254,"column":6}},"72":{"start":{"line":24,"column":0},"end":{"line":24,"column":13}}},"fnMap":{"0":{"name":"(anonymous_1)","decl":{"start":{"line":8,"column":23},"end":{"line":8,"column":26}},"loc":{"start":{"line":8,"column":28},"end":{"line":22,"column":1}}},"1":{"name":"(anonymous_2)","decl":{"start":{"line":25,"column":2},"end":{"line":25,"column":7}},"loc":{"start":{"line":31,"column":3},"end":{"line":80,"column":3}}},"2":{"name":"(anonymous_3)","decl":{"start":{"line":82,"column":2},"end":{"line":82,"column":7}},"loc":{"start":{"line":82,"column":45},"end":{"line":111,"column":3}}},"3":{"name":"(anonymous_4)","decl":{"start":{"line":113,"column":2},"end":{"line":113,"column":7}},"loc":{"start":{"line":113,"column":30},"end":{"line":133,"column":3}}},"4":{"name":"(anonymous_5)","decl":{"start":{"line":135,"column":2},"end":{"line":135,"column":7}},"loc":{"start":{"line":135,"column":35},"end":{"line":148,"column":3}}},"5":{"name":"(anonymous_6)","decl":{"start":{"line":150,"column":2},"end":{"line":150,"column":7}},"loc":{"start":{"line":150,"column":36},"end":{"line":233,"column":3}}},"6":{"name":"(anonymous_7)","decl":{"start":{"line":235,"column":2},"end":{"line":235,"column":7}},"loc":{"start":{"line":235,"column":53},"end":{"line":255,"column":3}}}},"branchMap":{"0":{"loc":{"start":{"line":10,"column":15},"end":{"line":10,"column":86}},"type":"cond-expr","locations":[{"start":{"line":10,"column":39},"end":{"line":10,"column":74}},{"start":{"line":10,"column":77},"end":{"line":10,"column":86}}]},"1":{"loc":{"start":{"line":14,"column":2},"end":{"line":14,"column":52}},"type":"if","locations":[{"start":{"line":14,"column":2},"end":{"line":14,"column":52}},{"start":{},"end":{}}]},"2":{"loc":{"start":{"line":14,"column":6},"end":{"line":14,"column":38}},"type":"binary-expr","locations":[{"start":{"line":14,"column":6},"end":{"line":14,"column":11}},{"start":{"line":14,"column":15},"end":{"line":14,"column":20}},{"start":{"line":14,"column":24},"end":{"line":14,"column":29}},{"start":{"line":14,"column":33},"end":{"line":14,"column":38}}]},"3":{"loc":{"start":{"line":36,"column":4},"end":{"line":38,"column":5}},"type":"if","locations":[{"start":{"line":36,"column":4},"end":{"line":38,"column":5}},{"start":{},"end":{}}]},"4":{"loc":{"start":{"line":87,"column":4},"end":{"line":89,"column":5}},"type":"if","locations":[{"start":{"line":87,"column":4},"end":{"line":89,"column":5}},{"start":{},"end":{}}]},"5":{"loc":{"start":{"line":92,"column":4},"end":{"line":94,"column":5}},"type":"if","locations":[{"start":{"line":92,"column":4},"end":{"line":94,"column":5}},{"start":{},"end":{}}]},"6":{"loc":{"start":{"line":128,"column":4},"end":{"line":130,"column":5}},"type":"if","locations":[{"start":{"line":128,"column":4},"end":{"line":130,"column":5}},{"start":{},"end":{}}]},"7":{"loc":{"start":{"line":140,"column":4},"end":{"line":142,"column":5}},"type":"if","locations":[{"start":{"line":140,"column":4},"end":{"line":142,"column":5}},{"start":{},"end":{}}]},"8":{"loc":{"start":{"line":155,"column":4},"end":{"line":159,"column":5}},"type":"if","locations":[{"start":{"line":155,"column":4},"end":{"line":159,"column":5}},{"start":{},"end":{}}]},"9":{"loc":{"start":{"line":164,"column":25},"end":{"line":164,"column":77}},"type":"binary-expr","locations":[{"start":{"line":164,"column":25},"end":{"line":164,"column":49}},{"start":{"line":164,"column":53},"end":{"line":164,"column":77}}]},"10":{"loc":{"start":{"line":169,"column":19},"end":{"line":169,"column":97}},"type":"binary-expr","locations":[{"start":{"line":169,"column":19},"end":{"line":169,"column":41}},{"start":{"line":169,"column":45},"end":{"line":169,"column":97}}]},"11":{"loc":{"start":{"line":169,"column":57},"end":{"line":169,"column":95}},"type":"binary-expr","locations":[{"start":{"line":169,"column":57},"end":{"line":169,"column":78}},{"start":{"line":169,"column":82},"end":{"line":169,"column":95}}]},"12":{"loc":{"start":{"line":171,"column":6},"end":{"line":217,"column":7}},"type":"if","locations":[{"start":{"line":171,"column":6},"end":{"line":217,"column":7}},{"start":{"line":199,"column":13},"end":{"line":217,"column":7}}]},"13":{"loc":{"start":{"line":179,"column":22},"end":{"line":179,"column":42}},"type":"binary-expr","locations":[{"start":{"line":179,"column":22},"end":{"line":179,"column":36}},{"start":{"line":179,"column":40},"end":{"line":179,"column":42}}]},"14":{"loc":{"start":{"line":188,"column":10},"end":{"line":197,"column":11}},"type":"if","locations":[{"start":{"line":188,"column":10},"end":{"line":197,"column":11}},{"start":{"line":195,"column":17},"end":{"line":197,"column":11}}]},"15":{"loc":{"start":{"line":190,"column":22},"end":{"line":190,"column":42}},"type":"binary-expr","locations":[{"start":{"line":190,"column":22},"end":{"line":190,"column":36}},{"start":{"line":190,"column":40},"end":{"line":190,"column":42}}]},"16":{"loc":{"start":{"line":201,"column":8},"end":{"line":216,"column":9}},"type":"if","locations":[{"start":{"line":201,"column":8},"end":{"line":216,"column":9}},{"start":{"line":213,"column":15},"end":{"line":216,"column":9}}]},"17":{"loc":{"start":{"line":207,"column":22},"end":{"line":207,"column":42}},"type":"binary-expr","locations":[{"start":{"line":207,"column":22},"end":{"line":207,"column":36}},{"start":{"line":207,"column":40},"end":{"line":207,"column":42}}]},"18":{"loc":{"start":{"line":223,"column":4},"end":{"line":228,"column":5}},"type":"if","locations":[{"start":{"line":223,"column":4},"end":{"line":228,"column":5}},{"start":{},"end":{}}]},"19":{"loc":{"start":{"line":242,"column":4},"end":{"line":244,"column":5}},"type":"if","locations":[{"start":{"line":242,"column":4},"end":{"line":244,"column":5}},{"start":{},"end":{}}]}},"s":{"0":1,"1":1,"2":1,"3":1,"4":1,"5":1,"6":1,"7":1,"8":1,"9":1,"10":1,"11":1,"12":1,"13":0,"14":0,"15":0,"16":0,"17":0,"18":0,"19":0,"20":0,"21":0,"22":0,"23":0,"24":0,"25":0,"26":0,"27":0,"28":0,"29":0,"30":0,"31":0,"32":0,"33":0,"34":0,"35":0,"36":0,"37":0,"38":0,"39":0,"40":2,"41":2,"42":1,"43":1,"44":1,"45":1,"46":1,"47":1,"48":1,"49":0,"50":0,"51":0,"52":0,"53":0,"54":0,"55":0,"56":0,"57":1,"58":1,"59":0,"60":1,"61":0,"62":1,"63":1,"64":0,"65":0,"66":0,"67":0,"68":0,"69":0,"70":0,"71":0,"72":1},"f":{"0":1,"1":0,"2":0,"3":0,"4":0,"5":2,"6":0},"b":{"0":[0,1],"1":[1,0],"2":[1,0,0,0],"3":[0,0],"4":[0,0],"5":[0,0],"6":[0,0],"7":[0,0],"8":[1,1],"9":[1,1],"10":[1,1],"11":[1,1],"12":[0,1],"13":[0,0],"14":[0,0],"15":[0,0],"16":[0,1],"17":[0,0],"18":[1,0],"19":[0,0]}}
,"C:\\Users\\Fiifi\\Desktop\\BiigggStore\\apps\\XBack\\src\\middleware\\errorHandler.ts": {"path":"C:\\Users\\Fiifi\\Desktop\\BiigggStore\\apps\\XBack\\src\\middleware\\errorHandler.ts","statementMap":{"0":{"start":{"line":6,"column":4},"end":{"line":6,"column":19}},"1":{"start":{"line":7,"column":4},"end":{"line":7,"column":33}},"2":{"start":{"line":8,"column":4},"end":{"line":8,"column":52}},"3":{"start":{"line":3,"column":0},"end":{"line":3,"column":13}},"4":{"start":{"line":12,"column":28},"end":{"line":34,"column":1}},"5":{"start":{"line":18,"column":2},"end":{"line":18,"column":31}},"6":{"start":{"line":20,"column":2},"end":{"line":26,"column":3}},"7":{"start":{"line":21,"column":4},"end":{"line":24,"column":7}},"8":{"start":{"line":25,"column":4},"end":{"line":25,"column":11}},"9":{"start":{"line":28,"column":2},"end":{"line":33,"column":5}},"10":{"start":{"line":12,"column":13},"end":{"line":12,"column":28}}},"fnMap":{"0":{"name":"(anonymous_0)","decl":{"start":{"line":5,"column":2},"end":{"line":5,"column":14}},"loc":{"start":{"line":5,"column":55},"end":{"line":9,"column":3}}},"1":{"name":"(anonymous_1)","decl":{"start":{"line":12,"column":28},"end":{"line":12,"column":null}},"loc":{"start":{"line":17,"column":10},"end":{"line":34,"column":1}}}},"branchMap":{"0":{"loc":{"start":{"line":5,"column":31},"end":{"line":5,"column":55}},"type":"default-arg","locations":[{"start":{"line":5,"column":52},"end":{"line":5,"column":55}}]},"1":{"loc":{"start":{"line":20,"column":2},"end":{"line":26,"column":3}},"type":"if","locations":[{"start":{"line":20,"column":2},"end":{"line":26,"column":3}},{"start":{},"end":{}}]},"2":{"loc":{"start":{"line":30,"column":13},"end":{"line":32,"column":19}},"type":"cond-expr","locations":[{"start":{"line":31,"column":8},"end":{"line":31,"column":31}},{"start":{"line":32,"column":8},"end":{"line":32,"column":19}}]}},"s":{"0":0,"1":0,"2":0,"3":1,"4":1,"5":0,"6":0,"7":0,"8":0,"9":0,"10":1},"f":{"0":0,"1":0},"b":{"0":[0],"1":[0,0],"2":[0,0]}}
,"C:\\Users\\Fiifi\\Desktop\\BiigggStore\\apps\\XBack\\src\\utils\\jwt.ts": {"path":"C:\\Users\\Fiifi\\Desktop\\BiigggStore\\apps\\XBack\\src\\utils\\jwt.ts","statementMap":{"0":{"start":{"line":1,"column":0},"end":{"line":1,"column":31}},"1":{"start":{"line":3,"column":19},"end":{"line":3,"column":62}},"2":{"start":{"line":4,"column":23},"end":{"line":4,"column":57}},"3":{"start":{"line":5,"column":31},"end":{"line":5,"column":74}},"4":{"start":{"line":6,"column":29},"end":{"line":6,"column":69}},"5":{"start":{"line":8,"column":29},"end":{"line":10,"column":1}},"6":{"start":{"line":9,"column":2},"end":{"line":9,"column":80}},"7":{"start":{"line":8,"column":13},"end":{"line":8,"column":29}},"8":{"start":{"line":12,"column":36},"end":{"line":14,"column":1}},"9":{"start":{"line":13,"column":2},"end":{"line":13,"column":108}},"10":{"start":{"line":12,"column":13},"end":{"line":12,"column":36}},"11":{"start":{"line":16,"column":34},"end":{"line":18,"column":1}},"12":{"start":{"line":17,"column":2},"end":{"line":17,"column":113}},"13":{"start":{"line":16,"column":13},"end":{"line":16,"column":34}},"14":{"start":{"line":20,"column":27},"end":{"line":22,"column":1}},"15":{"start":{"line":21,"column":2},"end":{"line":21,"column":61}},"16":{"start":{"line":20,"column":13},"end":{"line":20,"column":27}},"17":{"start":{"line":24,"column":32},"end":{"line":31,"column":1}},"18":{"start":{"line":25,"column":18},"end":{"line":25,"column":87}},"19":{"start":{"line":26,"column":2},"end":{"line":28,"column":3}},"20":{"start":{"line":27,"column":4},"end":{"line":27,"column":51}},"21":{"start":{"line":30,"column":2},"end":{"line":30,"column":36}},"22":{"start":{"line":24,"column":13},"end":{"line":24,"column":32}}},"fnMap":{"0":{"name":"(anonymous_1)","decl":{"start":{"line":8,"column":29},"end":{"line":8,"column":30}},"loc":{"start":{"line":8,"column":56},"end":{"line":10,"column":1}}},"1":{"name":"(anonymous_2)","decl":{"start":{"line":12,"column":36},"end":{"line":12,"column":37}},"loc":{"start":{"line":12,"column":63},"end":{"line":14,"column":1}}},"2":{"name":"(anonymous_3)","decl":{"start":{"line":16,"column":34},"end":{"line":16,"column":35}},"loc":{"start":{"line":16,"column":61},"end":{"line":18,"column":1}}},"3":{"name":"(anonymous_4)","decl":{"start":{"line":20,"column":27},"end":{"line":20,"column":28}},"loc":{"start":{"line":20,"column":65},"end":{"line":22,"column":1}}},"4":{"name":"(anonymous_5)","decl":{"start":{"line":24,"column":32},"end":{"line":24,"column":33}},"loc":{"start":{"line":24,"column":70},"end":{"line":31,"column":1}}}},"branchMap":{"0":{"loc":{"start":{"line":3,"column":19},"end":{"line":3,"column":62}},"type":"binary-expr","locations":[{"start":{"line":3,"column":19},"end":{"line":3,"column":41}},{"start":{"line":3,"column":45},"end":{"line":3,"column":62}}]},"1":{"loc":{"start":{"line":4,"column":23},"end":{"line":4,"column":57}},"type":"binary-expr","locations":[{"start":{"line":4,"column":23},"end":{"line":4,"column":49}},{"start":{"line":4,"column":53},"end":{"line":4,"column":57}}]},"2":{"loc":{"start":{"line":5,"column":31},"end":{"line":5,"column":74}},"type":"binary-expr","locations":[{"start":{"line":5,"column":31},"end":{"line":5,"column":65}},{"start":{"line":5,"column":69},"end":{"line":5,"column":74}}]},"3":{"loc":{"start":{"line":6,"column":29},"end":{"line":6,"column":69}},"type":"binary-expr","locations":[{"start":{"line":6,"column":29},"end":{"line":6,"column":61}},{"start":{"line":6,"column":65},"end":{"line":6,"column":69}}]},"4":{"loc":{"start":{"line":26,"column":2},"end":{"line":28,"column":3}},"type":"if","locations":[{"start":{"line":26,"column":2},"end":{"line":28,"column":3}},{"start":{},"end":{}}]}},"s":{"0":1,"1":1,"2":1,"3":1,"4":1,"5":1,"6":0,"7":1,"8":1,"9":0,"10":1,"11":1,"12":1,"13":1,"14":1,"15":0,"16":1,"17":1,"18":0,"19":0,"20":0,"21":0,"22":1},"f":{"0":0,"1":0,"2":1,"3":0,"4":0},"b":{"0":[1,1],"1":[1,1],"2":[1,1],"3":[1,1],"4":[0,0]}}
,"C:\\Users\\Fiifi\\Desktop\\BiigggStore\\apps\\XBack\\src\\utils\\password.ts": {"path":"C:\\Users\\Fiifi\\Desktop\\BiigggStore\\apps\\XBack\\src\\utils\\password.ts","statementMap":{"0":{"start":{"line":1,"column":0},"end":{"line":1,"column":30}},"1":{"start":{"line":3,"column":20},"end":{"line":3,"column":22}},"2":{"start":{"line":5,"column":28},"end":{"line":7,"column":1}},"3":{"start":{"line":6,"column":2},"end":{"line":6,"column":44}},"4":{"start":{"line":5,"column":13},"end":{"line":5,"column":28}},"5":{"start":{"line":9,"column":31},"end":{"line":14,"column":1}},"6":{"start":{"line":13,"column":2},"end":{"line":13,"column":50}},"7":{"start":{"line":9,"column":13},"end":{"line":9,"column":31}}},"fnMap":{"0":{"name":"(anonymous_1)","decl":{"start":{"line":5,"column":28},"end":{"line":5,"column":33}},"loc":{"start":{"line":5,"column":72},"end":{"line":7,"column":1}}},"1":{"name":"(anonymous_2)","decl":{"start":{"line":9,"column":31},"end":{"line":9,"column":36}},"loc":{"start":{"line":12,"column":22},"end":{"line":14,"column":1}}}},"branchMap":{},"s":{"0":1,"1":1,"2":1,"3":0,"4":1,"5":1,"6":0,"7":1},"f":{"0":0,"1":0},"b":{}}
}
