TN:
SF:src\api\auth\auth.service.ts
FN:7,(anonymous_0)
FN:43,(anonymous_1)
FN:100,(anonymous_2)
FN:131,(anonymous_3)
FN:153,(anonymous_4)
FN:168,(anonymous_5)
FN:216,(anonymous_6)
FNF:7
FNH:2
FNDA:1,(anonymous_0)
FNDA:0,(anonymous_1)
FNDA:0,(anonymous_2)
FNDA:0,(anonymous_3)
FNDA:0,(anonymous_4)
FNDA:2,(anonymous_5)
FNDA:0,(anonymous_6)
DA:1,1
DA:2,1
DA:3,1
DA:4,1
DA:5,1
DA:7,1
DA:42,1
DA:50,0
DA:54,0
DA:55,0
DA:58,0
DA:60,0
DA:79,0
DA:83,0
DA:84,0
DA:86,0
DA:101,0
DA:105,0
DA:106,0
DA:109,0
DA:110,0
DA:111,0
DA:114,0
DA:115,0
DA:117,0
DA:132,0
DA:146,0
DA:147,0
DA:150,0
DA:154,0
DA:158,0
DA:159,0
DA:162,0
DA:169,2
DA:173,2
DA:174,1
DA:179,1
DA:182,1
DA:183,1
DA:185,1
DA:186,1
DA:187,1
DA:189,1
DA:190,1
DA:191,0
DA:192,0
DA:194,0
DA:195,0
DA:196,0
DA:197,0
DA:199,0
DA:204,1
DA:205,1
DA:211,0
DA:217,0
DA:219,0
DA:223,0
DA:224,0
DA:227,0
DA:228,0
DA:233,0
LF:61
LH:20
BRDA:21,0,0,1
BRDA:21,0,1,0
BRDA:54,1,0,0
BRDA:54,1,1,0
BRDA:105,2,0,0
BRDA:105,2,1,0
BRDA:110,3,0,0
BRDA:110,3,1,0
BRDA:146,4,0,0
BRDA:146,4,1,0
BRDA:158,5,0,0
BRDA:158,5,1,0
BRDA:173,6,0,1
BRDA:173,6,1,1
BRDA:182,7,0,1
BRDA:182,7,1,1
BRDA:187,8,0,1
BRDA:187,8,1,0
BRDA:189,9,0,1
BRDA:189,9,1,0
BRDA:191,10,0,0
BRDA:191,10,1,0
BRDA:204,11,0,1
BRDA:204,11,1,0
BRDA:223,12,0,0
BRDA:223,12,1,0
BRF:26
BRH:8
end_of_record
TN:
SF:src\api\payments\payment.service.ts
FN:4,(anonymous_0)
FN:55,(anonymous_1)
FNF:2
FNH:1
FNDA:1,(anonymous_0)
FNDA:0,(anonymous_1)
DA:1,1
DA:3,1
DA:5,1
DA:6,0
DA:9,1
DA:10,0
DA:13,1
DA:14,0
DA:17,1
DA:18,1
DA:20,1
DA:21,0
DA:24,1
DA:37,1
DA:39,1
DA:40,0
DA:43,1
DA:56,0
DA:57,0
DA:60,0
DA:61,0
DA:64,0
DA:65,0
DA:66,0
DA:69,0
DA:76,0
DA:78,0
DA:79,0
DA:82,0
LF:29
LH:12
BRDA:5,0,0,0
BRDA:5,0,1,1
BRDA:9,1,0,0
BRDA:9,1,1,1
BRDA:9,2,0,1
BRDA:9,2,1,1
BRDA:13,3,0,0
BRDA:13,3,1,1
BRDA:18,4,0,1
BRDA:18,4,1,0
BRDA:20,5,0,0
BRDA:20,5,1,1
BRDA:39,6,0,0
BRDA:39,6,1,1
BRDA:39,7,0,1
BRDA:39,7,1,1
BRDA:40,8,0,0
BRDA:40,8,1,0
BRDA:56,9,0,0
BRDA:56,9,1,0
BRDA:60,10,0,0
BRDA:60,10,1,0
BRDA:65,11,0,0
BRDA:65,11,1,0
BRDA:78,12,0,0
BRDA:78,12,1,0
BRDA:78,13,0,0
BRDA:78,13,1,0
BRDA:79,14,0,0
BRDA:79,14,1,0
BRDA:86,15,0,0
BRDA:86,15,1,0
BRF:32
BRH:10
end_of_record
TN:
SF:src\middleware\errorHandler.ts
FN:5,(anonymous_0)
FN:12,(anonymous_1)
FNF:2
FNH:0
FNDA:0,(anonymous_0)
FNDA:0,(anonymous_1)
DA:3,2
DA:6,0
DA:7,0
DA:8,0
DA:12,2
DA:18,0
DA:20,0
DA:21,0
DA:25,0
DA:28,0
LF:10
LH:2
BRDA:5,0,0,0
BRDA:20,1,0,0
BRDA:20,1,1,0
BRDA:30,2,0,0
BRDA:30,2,1,0
BRF:5
BRH:0
end_of_record
TN:
SF:src\utils\jwt.ts
FN:8,(anonymous_1)
FN:12,(anonymous_2)
FN:16,(anonymous_3)
FN:20,(anonymous_4)
FN:24,(anonymous_5)
FNF:5
FNH:1
FNDA:0,(anonymous_1)
FNDA:0,(anonymous_2)
FNDA:1,(anonymous_3)
FNDA:0,(anonymous_4)
FNDA:0,(anonymous_5)
DA:1,1
DA:3,1
DA:4,1
DA:5,1
DA:6,1
DA:8,1
DA:9,0
DA:12,1
DA:13,0
DA:16,1
DA:17,1
DA:20,1
DA:21,0
DA:24,1
DA:25,0
DA:26,0
DA:27,0
DA:30,0
LF:18
LH:11
BRDA:3,0,0,1
BRDA:3,0,1,1
BRDA:4,1,0,1
BRDA:4,1,1,1
BRDA:5,2,0,1
BRDA:5,2,1,1
BRDA:6,3,0,1
BRDA:6,3,1,1
BRDA:26,4,0,0
BRDA:26,4,1,0
BRF:10
BRH:8
end_of_record
TN:
SF:src\utils\password.ts
FN:5,(anonymous_1)
FN:9,(anonymous_2)
FNF:2
FNH:0
FNDA:0,(anonymous_1)
FNDA:0,(anonymous_2)
DA:1,1
DA:3,1
DA:5,1
DA:6,0
DA:9,1
DA:13,0
LF:6
LH:4
BRF:0
BRH:0
end_of_record
