TN:
SF:src\api\auth\auth.service.ts
FN:8,(anonymous_1)
FN:25,(anonymous_2)
FN:82,(anonymous_3)
FN:113,(anonymous_4)
FN:135,(anonymous_5)
FN:150,(anonymous_6)
FN:235,(anonymous_7)
FNF:7
FNH:2
FNDA:1,(anonymous_1)
FNDA:0,(anonymous_2)
FNDA:0,(anonymous_3)
FNDA:0,(anonymous_4)
FNDA:0,(anonymous_5)
FNDA:2,(anonymous_6)
FNDA:0,(anonymous_7)
DA:1,1
DA:2,1
DA:3,1
DA:4,1
DA:5,1
DA:6,1
DA:8,1
DA:9,1
DA:10,1
DA:11,1
DA:12,1
DA:14,1
DA:16,0
DA:24,1
DA:32,0
DA:36,0
DA:37,0
DA:40,0
DA:42,0
DA:61,0
DA:65,0
DA:66,0
DA:68,0
DA:83,0
DA:87,0
DA:88,0
DA:91,0
DA:92,0
DA:93,0
DA:96,0
DA:97,0
DA:99,0
DA:114,0
DA:128,0
DA:129,0
DA:132,0
DA:136,0
DA:140,0
DA:141,0
DA:144,0
DA:151,2
DA:155,2
DA:156,1
DA:161,1
DA:164,1
DA:165,1
DA:168,1
DA:169,1
DA:171,1
DA:172,0
DA:173,0
DA:174,0
DA:186,0
DA:187,0
DA:188,0
DA:189,0
DA:196,0
DA:200,1
DA:201,1
DA:202,0
DA:215,1
DA:219,0
DA:223,1
DA:224,1
DA:230,0
DA:236,0
DA:238,0
DA:242,0
DA:243,0
DA:246,0
DA:247,0
DA:252,0
LF:72
LH:27
BRDA:10,0,0,0
BRDA:10,0,1,1
BRDA:14,1,0,1
BRDA:14,1,1,0
BRDA:14,2,0,1
BRDA:14,2,1,0
BRDA:14,2,2,0
BRDA:14,2,3,0
BRDA:36,3,0,0
BRDA:36,3,1,0
BRDA:87,4,0,0
BRDA:87,4,1,0
BRDA:92,5,0,0
BRDA:92,5,1,0
BRDA:128,6,0,0
BRDA:128,6,1,0
BRDA:140,7,0,0
BRDA:140,7,1,0
BRDA:155,8,0,1
BRDA:155,8,1,1
BRDA:164,9,0,1
BRDA:164,9,1,1
BRDA:169,10,0,1
BRDA:169,10,1,1
BRDA:169,11,0,1
BRDA:169,11,1,1
BRDA:171,12,0,0
BRDA:171,12,1,1
BRDA:179,13,0,0
BRDA:179,13,1,0
BRDA:188,14,0,0
BRDA:188,14,1,0
BRDA:190,15,0,0
BRDA:190,15,1,0
BRDA:201,16,0,0
BRDA:201,16,1,1
BRDA:207,17,0,0
BRDA:207,17,1,0
BRDA:223,18,0,1
BRDA:223,18,1,0
BRDA:242,19,0,0
BRDA:242,19,1,0
BRF:42
BRH:14
end_of_record
TN:
SF:src\middleware\errorHandler.ts
FN:5,(anonymous_0)
FN:12,(anonymous_1)
FNF:2
FNH:0
FNDA:0,(anonymous_0)
FNDA:0,(anonymous_1)
DA:3,1
DA:6,0
DA:7,0
DA:8,0
DA:12,1
DA:18,0
DA:20,0
DA:21,0
DA:25,0
DA:28,0
LF:10
LH:2
BRDA:5,0,0,0
BRDA:20,1,0,0
BRDA:20,1,1,0
BRDA:30,2,0,0
BRDA:30,2,1,0
BRF:5
BRH:0
end_of_record
TN:
SF:src\utils\jwt.ts
FN:8,(anonymous_1)
FN:12,(anonymous_2)
FN:16,(anonymous_3)
FN:20,(anonymous_4)
FN:24,(anonymous_5)
FNF:5
FNH:1
FNDA:0,(anonymous_1)
FNDA:0,(anonymous_2)
FNDA:1,(anonymous_3)
FNDA:0,(anonymous_4)
FNDA:0,(anonymous_5)
DA:1,1
DA:3,1
DA:4,1
DA:5,1
DA:6,1
DA:8,1
DA:9,0
DA:12,1
DA:13,0
DA:16,1
DA:17,1
DA:20,1
DA:21,0
DA:24,1
DA:25,0
DA:26,0
DA:27,0
DA:30,0
LF:18
LH:11
BRDA:3,0,0,1
BRDA:3,0,1,1
BRDA:4,1,0,1
BRDA:4,1,1,1
BRDA:5,2,0,1
BRDA:5,2,1,1
BRDA:6,3,0,1
BRDA:6,3,1,1
BRDA:26,4,0,0
BRDA:26,4,1,0
BRF:10
BRH:8
end_of_record
TN:
SF:src\utils\password.ts
FN:5,(anonymous_1)
FN:9,(anonymous_2)
FNF:2
FNH:0
FNDA:0,(anonymous_1)
FNDA:0,(anonymous_2)
DA:1,1
DA:3,1
DA:5,1
DA:6,0
DA:9,1
DA:13,0
LF:6
LH:4
BRF:0
BRH:0
end_of_record
